<?xml version='1.0' encoding='UTF-8'?>
<testsuite hostname="MBP-von-Tovias" name="RationalTest" tests="8" errors="0" failures="0" skipped="0" time="0.02" timestamp="2024-10-11T09:01:18">
          <properties>
[...]
</properties>
          <testcase classname="RationalTest" name="Creating and simplification of a rational number" time="0.018">
                      
                    </testcase><testcase classname="RationalTest" name="Denominator can not be  zero" time="0.001">
                      
                    </testcase><testcase classname="RationalTest" name="Addition of two rational numbers" time="0.0">
                      
                    </testcase><testcase classname="RationalTest" name="Subtraction of two rational numbers" time="0.0">
                      
                    </testcase><testcase classname="RationalTest" name="Negation of rational number" time="0.0">
                      
                    </testcase><testcase classname="RationalTest" name="Comparison of two rational number (less than)" time="0.001">
                      
                    </testcase><testcase classname="RationalTest" name="Max of two rational number" time="0.0">
                      
                    </testcase><testcase classname="RationalTest" name="Converting a rational to a double number" time="0.0">
                      
                    </testcase>
          <system-out><![CDATA[]]></system-out>
          <system-err><![CDATA[]]></system-err>
        </testsuite>