<?xml version='1.0' encoding='UTF-8'?>
<testsuite hostname="LAPTOP711" name="tree.TreeTest" tests="23" errors="0" failures="1" skipped="0" time="0.05" timestamp="2024-11-11T09:57:05">
          <properties>
[...]
</properties>
          <testcase classname="tree.TreeTest" name="Tree initialization test" time="0.017">
                      
                    </testcase><testcase classname="tree.TreeTest" name="Tree initialization test apply" time="0.002">
                      
                    </testcase><testcase classname="tree.TreeTest" name="Tree initialization test duplicates" time="0.0">
                      
                    </testcase><testcase classname="tree.TreeTest" name="size of the tree" time="0.001">
                      
                    </testcase><testcase classname="tree.TreeTest" name="height of the tree" time="0.001">
                      
                    </testcase><testcase classname="tree.TreeTest" name="contains an element" time="0.0">
                      
                    </testcase><testcase classname="tree.TreeTest" name="not contains an element" time="0.0">
                      
                    </testcase><testcase classname="tree.TreeTest" name="find Successor 0" time="0.001">
                      
                    </testcase><testcase classname="tree.TreeTest" name="find Successor 1" time="0.001">
                      
                    </testcase><testcase classname="tree.TreeTest" name="find Successor 2" time="0.001">
                      
                    </testcase><testcase classname="tree.TreeTest" name="find Successor 3" time="0.0">
                      
                    </testcase><testcase classname="tree.TreeTest" name="find Successor 4" time="0.0">
                      
                    </testcase><testcase classname="tree.TreeTest" name="delete Leaf" time="0.001">
                      
                    </testcase><testcase classname="tree.TreeTest" name="delete node missing right" time="0.0">
                      
                    </testcase><testcase classname="tree.TreeTest" name="delete node missing left" time="0.001">
                      
                    </testcase><testcase classname="tree.TreeTest" name="delete middle node" time="0.001">
                      
                    </testcase><testcase classname="tree.TreeTest" name="delete nothing" time="0.0">
                      
                    </testcase><testcase classname="tree.TreeTest" name="isBinaryTree true" time="0.001">
                      
                    </testcase><testcase classname="tree.TreeTest" name="isBinaryTree false 1" time="0.001">
                      
                    </testcase><testcase classname="tree.TreeTest" name="isBinaryTree false 2" time="0.0">
                      
                    </testcase><testcase classname="tree.TreeTest" name="tree2List" time="0.001">
                      
                    </testcase><testcase classname="tree.TreeTest" name="map x=&gt;x*x" time="0.001">
                      
                    </testcase><testcase classname="tree.TreeTest" name="filter x=&gt;x % 2==0" time="0.019">
                      <failure message="org.scalatest.exceptions.TestFailedException: List(4, 8, 8, 16) did not equal List(4, 8, 16)" type="sbt.ForkMain$ForkError">sbt.ForkMain$ForkError: org.scalatest.exceptions.TestFailedException: List(4, 8, 8, 16) did not equal List(4, 8, 16)
	at org.scalatest.Assertions.newAssertionFailedException(Assertions.scala:476)
	at org.scalatest.Assertions.newAssertionFailedException$(Assertions.scala:421)
	at org.scalatest.Assertions$.newAssertionFailedException(Assertions.scala:1385)
	at org.scalatest.Assertions$AssertionsHelper.macroAssert(Assertions.scala:1460)
	at tree.TreeTest.testFun$proxy23$1(TreeTest.scala:112)
	at tree.TreeTest.$init$$$anonfun$23(TreeTest.scala:109)
	at org.scalatest.Transformer.apply$$anonfun$1(Transformer.scala:22)
	at org.scalatest.OutcomeOf.outcomeOf(OutcomeOf.scala:85)
	at org.scalatest.OutcomeOf.outcomeOf$(OutcomeOf.scala:31)
	at org.scalatest.OutcomeOf$.outcomeOf(OutcomeOf.scala:104)
	at org.scalatest.Transformer.apply(Transformer.scala:22)
	at org.scalatest.Transformer.apply(Transformer.scala:21)
	at org.scalatest.funsuite.AnyFunSuiteLike$$anon$1.apply(AnyFunSuiteLike.scala:206)
	at org.scalatest.TestSuite.withFixture(TestSuite.scala:196)
	at org.scalatest.TestSuite.withFixture$(TestSuite.scala:138)
	at org.scalatest.funsuite.AnyFunSuite.withFixture(AnyFunSuite.scala:1563)
	at org.scalatest.funsuite.AnyFunSuiteLike.invokeWithFixture$1(AnyFunSuiteLike.scala:212)
	at org.scalatest.funsuite.AnyFunSuiteLike.runTest$$anonfun$1(AnyFunSuiteLike.scala:216)
	at org.scalatest.SuperEngine.runTestImpl(Engine.scala:306)
	at org.scalatest.funsuite.AnyFunSuiteLike.runTest(AnyFunSuiteLike.scala:216)
	at org.scalatest.funsuite.AnyFunSuiteLike.runTest$(AnyFunSuiteLike.scala:47)
	at org.scalatest.funsuite.AnyFunSuite.runTest(AnyFunSuite.scala:1563)
	at org.scalatest.funsuite.AnyFunSuiteLike.runTests$$anonfun$1(AnyFunSuiteLike.scala:249)
	at org.scalatest.SuperEngine.traverseSubNodes$1$$anonfun$1(Engine.scala:413)
	at scala.runtime.function.JProcedure1.apply(JProcedure1.java:15)
	at scala.runtime.function.JProcedure1.apply(JProcedure1.java:10)
	at scala.collection.immutable.List.foreach(List.scala:334)
	at org.scalatest.SuperEngine.traverseSubNodes$1(Engine.scala:429)
	at org.scalatest.SuperEngine.runTestsInBranch(Engine.scala:396)
	at org.scalatest.SuperEngine.runTestsImpl(Engine.scala:475)
	at org.scalatest.funsuite.AnyFunSuiteLike.runTests(AnyFunSuiteLike.scala:249)
	at org.scalatest.funsuite.AnyFunSuiteLike.runTests$(AnyFunSuiteLike.scala:47)
	at org.scalatest.funsuite.AnyFunSuite.runTests(AnyFunSuite.scala:1563)
	at org.scalatest.Suite.run(Suite.scala:1114)
	at org.scalatest.Suite.run$(Suite.scala:564)
	at org.scalatest.funsuite.AnyFunSuite.org$scalatest$funsuite$AnyFunSuiteLike$$super$run(AnyFunSuite.scala:1563)
	at org.scalatest.funsuite.AnyFunSuiteLike.run$$anonfun$1(AnyFunSuiteLike.scala:253)
	at org.scalatest.SuperEngine.runImpl(Engine.scala:535)
	at org.scalatest.funsuite.AnyFunSuiteLike.run(AnyFunSuiteLike.scala:253)
	at org.scalatest.funsuite.AnyFunSuiteLike.run$(AnyFunSuiteLike.scala:47)
	at org.scalatest.funsuite.AnyFunSuite.run(AnyFunSuite.scala:1563)
	at org.scalatest.tools.Framework.org$scalatest$tools$Framework$$runSuite(Framework.scala:321)
	at org.scalatest.tools.Framework$ScalaTestTask.execute(Framework.scala:517)
	at sbt.ForkMain$Run.lambda$runTest$1(ForkMain.java:414)
	at java.base/java.util.concurrent.FutureTask.run(FutureTask.java:317)
	at java.base/java.util.concurrent.ThreadPoolExecutor.runWorker(ThreadPoolExecutor.java:1144)
	at java.base/java.util.concurrent.ThreadPoolExecutor$Worker.run(ThreadPoolExecutor.java:642)
	at java.base/java.lang.Thread.run(Thread.java:1583)
</failure>
                    </testcase>
          <system-out><![CDATA[]]></system-out>
          <system-err><![CDATA[]]></system-err>
        </testsuite>