<?xml version='1.0' encoding='UTF-8'?>
<testsuite hostname="MacBook-Pro-von-Tovias.local" name="tree.TreeTest" tests="23" errors="0" failures="0" skipped="0" time="0.042" timestamp="2024-11-22T12:45:25">
          <properties>
[...]
</properties>
          <testcase classname="tree.TreeTest" name="Tree initialization test" time="0.013">
                      
                    </testcase><testcase classname="tree.TreeTest" name="Tree initialization test apply" time="0.002">
                      
                    </testcase><testcase classname="tree.TreeTest" name="Tree initialization test duplicates" time="0.002">
                      
                    </testcase><testcase classname="tree.TreeTest" name="size of the tree" time="0.001">
                      
                    </testcase><testcase classname="tree.TreeTest" name="height of the tree" time="0.001">
                      
                    </testcase><testcase classname="tree.TreeTest" name="contains an element" time="0.001">
                      
                    </testcase><testcase classname="tree.TreeTest" name="not contains an element" time="0.001">
                      
                    </testcase><testcase classname="tree.TreeTest" name="find Successor 0" time="0.001">
                      
                    </testcase><testcase classname="tree.TreeTest" name="find Successor 1" time="0.001">
                      
                    </testcase><testcase classname="tree.TreeTest" name="find Successor 2" time="0.002">
                      
                    </testcase><testcase classname="tree.TreeTest" name="find Successor 3" time="0.0">
                      
                    </testcase><testcase classname="tree.TreeTest" name="find Successor 4" time="0.0">
                      
                    </testcase><testcase classname="tree.TreeTest" name="delete Leaf" time="0.0">
                      
                    </testcase><testcase classname="tree.TreeTest" name="delete node missing right" time="0.0">
                      
                    </testcase><testcase classname="tree.TreeTest" name="delete node missing left" time="0.0">
                      
                    </testcase><testcase classname="tree.TreeTest" name="delete middle node" time="0.0">
                      
                    </testcase><testcase classname="tree.TreeTest" name="delete nothing" time="0.001">
                      
                    </testcase><testcase classname="tree.TreeTest" name="isBinaryTree true" time="0.001">
                      
                    </testcase><testcase classname="tree.TreeTest" name="isBinaryTree false 1" time="0.001">
                      
                    </testcase><testcase classname="tree.TreeTest" name="isBinaryTree false 2" time="0.0">
                      
                    </testcase><testcase classname="tree.TreeTest" name="tree2List" time="0.001">
                      
                    </testcase><testcase classname="tree.TreeTest" name="map x=&gt;x*x" time="0.002">
                      
                    </testcase><testcase classname="tree.TreeTest" name="filter x=&gt;x % 2==0" time="0.011">
                      
                    </testcase>
          <system-out><![CDATA[]]></system-out>
          <system-err><![CDATA[]]></system-err>
        </testsuite>