<?xml version='1.0' encoding='UTF-8'?>
<testsuite hostname="MBP-von-Tovias" name="list.IntTreeTest" tests="34" errors="0" failures="1" skipped="0" time="0.044" timestamp="2024-11-05T16:24:49">
          <properties>
[...]
</properties>
          <testcase classname="list.IntTreeTest" name="test object apply" time="0.015">
                      
                    </testcase><testcase classname="list.IntTreeTest" name="test object apply tail" time="0.0">
                      
                    </testcase><testcase classname="list.IntTreeTest" name="testIsEmpty positive" time="0.0">
                      
                    </testcase><testcase classname="list.IntTreeTest" name="testIsEmpty negative" time="0.0">
                      
                    </testcase><testcase classname="list.IntTreeTest" name="testContains positive" time="0.0">
                      
                    </testcase><testcase classname="list.IntTreeTest" name="testSize empty" time="0.0">
                      
                    </testcase><testcase classname="list.IntTreeTest" name="testSize nonempty" time="0.0">
                      
                    </testcase><testcase classname="list.IntTreeTest" name="testContains negative" time="0.0">
                      
                    </testcase><testcase classname="list.IntTreeTest" name="testGet" time="0.0">
                      
                    </testcase><testcase classname="list.IntTreeTest" name="testPrepend" time="0.0">
                      
                    </testcase><testcase classname="list.IntTreeTest" name="testAppend" time="0.0">
                      
                    </testcase><testcase classname="list.IntTreeTest" name="testPrefix" time="0.0">
                      
                    </testcase><testcase classname="list.IntTreeTest" name="testDelete" time="0.0">
                      
                    </testcase><testcase classname="list.IntTreeTest" name="testDeleteAll" time="0.001">
                      
                    </testcase><testcase classname="list.IntTreeTest" name="testFlipList" time="0.001">
                      
                    </testcase><testcase classname="list.IntTreeTest" name="testMap" time="0.001">
                      
                    </testcase><testcase classname="list.IntTreeTest" name="testFilter" time="0.002">
                      
                    </testcase><testcase classname="list.IntTreeTest" name="testFoldLeft" time="0.001">
                      
                    </testcase><testcase classname="list.IntTreeTest" name="testFoldLeft is left to right" time="0.001">
                      
                    </testcase><testcase classname="list.IntTreeTest" name="testFoldLeft is left to right 2" time="0.001">
                      
                    </testcase><testcase classname="list.IntTreeTest" name="testReduceLeft is left to right" time="0.002">
                      
                    </testcase><testcase classname="list.IntTreeTest" name="testReduceLeft is left to right 2" time="0.014">
                      <failure message="org.scalatest.exceptions.TestFailedException: 5 did not equal -13" type="sbt.ForkMain$ForkError">sbt.ForkMain$ForkError: org.scalatest.exceptions.TestFailedException: 5 did not equal -13
	at org.scalatest.Assertions.newAssertionFailedException(Assertions.scala:476)
	at org.scalatest.Assertions.newAssertionFailedException$(Assertions.scala:421)
	at org.scalatest.Assertions$.newAssertionFailedException(Assertions.scala:1385)
	at org.scalatest.Assertions$AssertionsHelper.macroAssert(Assertions.scala:1460)
	at list.IntTreeTest.testFun$proxy22$1(IntTreeTest.scala:101)
	at list.IntTreeTest.$init$$$anonfun$22(IntTreeTest.scala:100)
	at org.scalatest.Transformer.apply$$anonfun$1(Transformer.scala:22)
	at org.scalatest.OutcomeOf.outcomeOf(OutcomeOf.scala:85)
	at org.scalatest.OutcomeOf.outcomeOf$(OutcomeOf.scala:31)
	at org.scalatest.OutcomeOf$.outcomeOf(OutcomeOf.scala:104)
	at org.scalatest.Transformer.apply(Transformer.scala:22)
	at org.scalatest.Transformer.apply(Transformer.scala:21)
	at org.scalatest.funsuite.AnyFunSuiteLike$$anon$1.apply(AnyFunSuiteLike.scala:206)
	at org.scalatest.TestSuite.withFixture(TestSuite.scala:196)
	at org.scalatest.TestSuite.withFixture$(TestSuite.scala:138)
	at org.scalatest.funsuite.AnyFunSuite.withFixture(AnyFunSuite.scala:1563)
	at org.scalatest.funsuite.AnyFunSuiteLike.invokeWithFixture$1(AnyFunSuiteLike.scala:212)
	at org.scalatest.funsuite.AnyFunSuiteLike.runTest$$anonfun$1(AnyFunSuiteLike.scala:216)
	at org.scalatest.SuperEngine.runTestImpl(Engine.scala:306)
	at org.scalatest.funsuite.AnyFunSuiteLike.runTest(AnyFunSuiteLike.scala:216)
	at org.scalatest.funsuite.AnyFunSuiteLike.runTest$(AnyFunSuiteLike.scala:47)
	at org.scalatest.funsuite.AnyFunSuite.runTest(AnyFunSuite.scala:1563)
	at org.scalatest.funsuite.AnyFunSuiteLike.runTests$$anonfun$1(AnyFunSuiteLike.scala:249)
	at org.scalatest.SuperEngine.traverseSubNodes$1$$anonfun$1(Engine.scala:413)
	at scala.runtime.function.JProcedure1.apply(JProcedure1.java:15)
	at scala.runtime.function.JProcedure1.apply(JProcedure1.java:10)
	at scala.collection.immutable.List.foreach(List.scala:334)
	at org.scalatest.SuperEngine.traverseSubNodes$1(Engine.scala:429)
	at org.scalatest.SuperEngine.runTestsInBranch(Engine.scala:396)
	at org.scalatest.SuperEngine.runTestsImpl(Engine.scala:475)
	at org.scalatest.funsuite.AnyFunSuiteLike.runTests(AnyFunSuiteLike.scala:249)
	at org.scalatest.funsuite.AnyFunSuiteLike.runTests$(AnyFunSuiteLike.scala:47)
	at org.scalatest.funsuite.AnyFunSuite.runTests(AnyFunSuite.scala:1563)
	at org.scalatest.Suite.run(Suite.scala:1114)
	at org.scalatest.Suite.run$(Suite.scala:564)
	at org.scalatest.funsuite.AnyFunSuite.org$scalatest$funsuite$AnyFunSuiteLike$$super$run(AnyFunSuite.scala:1563)
	at org.scalatest.funsuite.AnyFunSuiteLike.run$$anonfun$1(AnyFunSuiteLike.scala:253)
	at org.scalatest.SuperEngine.runImpl(Engine.scala:535)
	at org.scalatest.funsuite.AnyFunSuiteLike.run(AnyFunSuiteLike.scala:253)
	at org.scalatest.funsuite.AnyFunSuiteLike.run$(AnyFunSuiteLike.scala:47)
	at org.scalatest.funsuite.AnyFunSuite.run(AnyFunSuite.scala:1563)
	at org.scalatest.tools.Framework.org$scalatest$tools$Framework$$runSuite(Framework.scala:321)
	at org.scalatest.tools.Framework$ScalaTestTask.execute(Framework.scala:517)
	at sbt.ForkMain$Run.lambda$runTest$1(ForkMain.java:414)
	at java.base/java.util.concurrent.FutureTask.run(FutureTask.java:317)
	at java.base/java.util.concurrent.ThreadPoolExecutor.runWorker(ThreadPoolExecutor.java:1144)
	at java.base/java.util.concurrent.ThreadPoolExecutor$Worker.run(ThreadPoolExecutor.java:642)
	at java.base/java.lang.Thread.run(Thread.java:1575)
</failure>
                    </testcase><testcase classname="list.IntTreeTest" name="testForAll positive" time="0.001">
                      
                    </testcase><testcase classname="list.IntTreeTest" name="testForAll negative" time="0.0">
                      
                    </testcase><testcase classname="list.IntTreeTest" name="testForAll returns on first negative" time="0.001">
                      
                    </testcase><testcase classname="list.IntTreeTest" name="testFoldRight" time="0.0">
                      
                    </testcase><testcase classname="list.IntTreeTest" name="testFoldRight is right to left" time="0.001">
                      
                    </testcase><testcase classname="list.IntTreeTest" name="testFoldRight is right to left 2" time="0.0">
                      
                    </testcase><testcase classname="list.IntTreeTest" name="testReduceRight" time="0.001">
                      
                    </testcase><testcase classname="list.IntTreeTest" name="testReduceRight is right to left" time="0.001">
                      
                    </testcase><testcase classname="list.IntTreeTest" name="testInsertionSort" time="0.0">
                      
                    </testcase><testcase classname="list.IntTreeTest" name="testInsertSorted" time="0.0">
                      
                    </testcase><testcase classname="list.IntTreeTest" name="testInsertSorted2" time="0.0">
                      
                    </testcase><testcase classname="list.IntTreeTest" name="testInsertSorted3" time="0.0">
                      
                    </testcase>
          <system-out><![CDATA[]]></system-out>
          <system-err><![CDATA[]]></system-err>
        </testsuite>