<?xml version='1.0' encoding='UTF-8'?>
<testsuite hostname="LAPTOP711" name="list.IntTreeTest" tests="34" errors="0" failures="0" skipped="0" time="0.012" timestamp="2024-11-11T09:57:05">
          <properties>
[...]
</properties>
          <testcase classname="list.IntTreeTest" name="test object apply" time="0.002">
                      
                    </testcase><testcase classname="list.IntTreeTest" name="test object apply tail" time="0.0">
                      
                    </testcase><testcase classname="list.IntTreeTest" name="testIsEmpty positive" time="0.0">
                      
                    </testcase><testcase classname="list.IntTreeTest" name="testIsEmpty negative" time="0.0">
                      
                    </testcase><testcase classname="list.IntTreeTest" name="testContains positive" time="0.0">
                      
                    </testcase><testcase classname="list.IntTreeTest" name="testSize empty" time="0.0">
                      
                    </testcase><testcase classname="list.IntTreeTest" name="testSize nonempty" time="0.0">
                      
                    </testcase><testcase classname="list.IntTreeTest" name="testContains negative" time="0.0">
                      
                    </testcase><testcase classname="list.IntTreeTest" name="testGet" time="0.0">
                      
                    </testcase><testcase classname="list.IntTreeTest" name="testPrepend" time="0.0">
                      
                    </testcase><testcase classname="list.IntTreeTest" name="testAppend" time="0.0">
                      
                    </testcase><testcase classname="list.IntTreeTest" name="testPrefix" time="0.001">
                      
                    </testcase><testcase classname="list.IntTreeTest" name="testDelete" time="0.0">
                      
                    </testcase><testcase classname="list.IntTreeTest" name="testDeleteAll" time="0.001">
                      
                    </testcase><testcase classname="list.IntTreeTest" name="testFlipList" time="0.0">
                      
                    </testcase><testcase classname="list.IntTreeTest" name="testMap" time="0.0">
                      
                    </testcase><testcase classname="list.IntTreeTest" name="testFilter" time="0.0">
                      
                    </testcase><testcase classname="list.IntTreeTest" name="testFoldLeft" time="0.0">
                      
                    </testcase><testcase classname="list.IntTreeTest" name="testFoldLeft is left to right" time="0.001">
                      
                    </testcase><testcase classname="list.IntTreeTest" name="testFoldLeft is left to right 2" time="0.001">
                      
                    </testcase><testcase classname="list.IntTreeTest" name="testReduceLeft is left to right" time="0.001">
                      
                    </testcase><testcase classname="list.IntTreeTest" name="testReduceLeft is left to right 2" time="0.001">
                      
                    </testcase><testcase classname="list.IntTreeTest" name="testForAll positive" time="0.0">
                      
                    </testcase><testcase classname="list.IntTreeTest" name="testForAll negative" time="0.0">
                      
                    </testcase><testcase classname="list.IntTreeTest" name="testForAll returns on first negative" time="0.001">
                      
                    </testcase><testcase classname="list.IntTreeTest" name="testFoldRight" time="0.0">
                      
                    </testcase><testcase classname="list.IntTreeTest" name="testFoldRight is right to left" time="0.001">
                      
                    </testcase><testcase classname="list.IntTreeTest" name="testFoldRight is right to left 2" time="0.0">
                      
                    </testcase><testcase classname="list.IntTreeTest" name="testReduceRight" time="0.0">
                      
                    </testcase><testcase classname="list.IntTreeTest" name="testReduceRight is right to left" time="0.001">
                      
                    </testcase><testcase classname="list.IntTreeTest" name="testInsertionSort" time="0.001">
                      
                    </testcase><testcase classname="list.IntTreeTest" name="testInsertSorted" time="0.0">
                      
                    </testcase><testcase classname="list.IntTreeTest" name="testInsertSorted2" time="0.0">
                      
                    </testcase><testcase classname="list.IntTreeTest" name="testInsertSorted3" time="0.0">
                      
                    </testcase>
          <system-out><![CDATA[]]></system-out>
          <system-err><![CDATA[]]></system-err>
        </testsuite>